# JRE version: OpenJDK Runtime Environment (7.0_65-b32) (build 1.7.0_65-b32)
# Java VM: OpenJDK Client VM (24.65-b04 mixed mode, sharing linux-x86 )
Heap
 def new generation   total 9408K, used 7540K [0x70200000, 0x70c30000, 0x7a950000)
  eden space 8384K,  88% used [0x70200000, 0x709364a0, 0x70a30000)
  from space 1024K,  15% used [0x70a30000, 0x70a56c38, 0x70b30000)
  to   space 1024K,   0% used [0x70b30000, 0x70b30000, 0x70c30000)
 tenured generation   total 20692K, used 17477K [0x7a950000, 0x7bd85000, 0x8f800000)
   the space 20692K,  84% used [0x7a950000, 0x7ba61410, 0x7ba61600, 0x7bd85000)
 compacting perm gen  total 12288K, used 840K [0x8f800000, 0x90400000, 0x93800000)
   the space 12288K,   6% used [0x8f800000, 0x8f8d2330, 0x8f8d2400, 0x90400000)
    ro space 10240K,  58% used [0x93800000, 0x93ddfac0, 0x93ddfc00, 0x94200000)
    rw space 12288K,  59% used [0x94200000, 0x94927508, 0x94927600, 0x94e00000)
GC Heap History (10 events):
Event: 16.304 GC heap before
{Heap before GC invocations=1 (full 0):
 def new generation   total 4800K, used 3930K [0x70200000, 0x70730000, 0x7a950000)
  eden space 4288K,  79% used [0x70200000, 0x70556bf8, 0x70630000)
  from space 512K, 100% used [0x706b0000, 0x70730000, 0x70730000)
  to   space 512K,   0% used [0x70630000, 0x70630000, 0x706b0000)
 tenured generation   total 10752K, used 1776K [0x7a950000, 0x7b3d0000, 0x8f800000)
   the space 10752K,  16% used [0x7a950000, 0x7ab0c3e0, 0x7ab0c400, 0x7b3d0000)
 compacting perm gen  total 12288K, used 754K [0x8f800000, 0x90400000, 0x93800000)
   the space 12288K,   6% used [0x8f800000, 0x8f8bca88, 0x8f8bcc00, 0x90400000)
    ro space 10240K,  58% used [0x93800000, 0x93ddfac0, 0x93ddfc00, 0x94200000)
    rw space 12288K,  59% used [0x94200000, 0x94927508, 0x94927600, 0x94e00000)
Event: 16.427 GC heap after
Heap after GC invocations=2 (full 0):
 def new generation   total 4800K, used 0K [0x70200000, 0x70730000, 0x7a950000)
  eden space 4288K,   0% used [0x70200000, 0x70200000, 0x70630000)
  from space 512K,   0% used [0x70630000, 0x70630038, 0x706b0000)
  to   space 512K,   0% used [0x706b0000, 0x706b0000, 0x70730000)
 tenured generation   total 10752K, used 5663K [0x7a950000, 0x7b3d0000, 0x8f800000)
   the space 10752K,  52% used [0x7a950000, 0x7aed7f70, 0x7aed8000, 0x7b3d0000)
 compacting perm gen  total 12288K, used 754K [0x8f800000, 0x90400000, 0x93800000)
   the space 12288K,   6% used [0x8f800000, 0x8f8bca88, 0x8f8bcc00, 0x90400000)
    ro space 10240K,  58% used [0x93800000, 0x93ddfac0, 0x93ddfc00, 0x94200000)
    rw space 12288K,  59% used [0x94200000, 0x94927508, 0x94927600, 0x94e00000)
}
Event: 16.430 GC heap before
{Heap before GC invocations=2 (full 0):
 def new generation   total 4800K, used 3374K [0x70200000, 0x70730000, 0x7a950000)
  eden space 4288K,  78% used [0x70200000, 0x7054bb90, 0x70630000)
  from space 512K,   0% used [0x70630000, 0x70630038, 0x706b0000)
  to   space 512K,   0% used [0x706b0000, 0x706b0000, 0x70730000)
 tenured generation   total 10752K, used 5663K [0x7a950000, 0x7b3d0000, 0x8f800000)
   the space 10752K,  52% used [0x7a950000, 0x7aed7f70, 0x7aed8000, 0x7b3d0000)
 compacting perm gen  total 12288K, used 754K [0x8f800000, 0x90400000, 0x93800000)
   the space 12288K,   6% used [0x8f800000, 0x8f8bca88, 0x8f8bcc00, 0x90400000)
    ro space 10240K,  58% used [0x93800000, 0x93ddfac0, 0x93ddfc00, 0x94200000)
    rw space 12288K,  59% used [0x94200000, 0x94927508, 0x94927600, 0x94e00000)
Event: 16.501 GC heap after
Heap after GC invocations=3 (full 0):
 def new generation   total 4800K, used 0K [0x70200000, 0x70730000, 0x7a950000)
  eden space 4288K,   0% used [0x70200000, 0x70200000, 0x70630000)
  from space 512K,   0% used [0x706b0000, 0x706b0038, 0x70730000)
  to   space 512K,   0% used [0x70630000, 0x70630000, 0x706b0000)
 tenured generation   total 10752K, used 9038K [0x7a950000, 0x7b3d0000, 0x8f800000)
   the space 10752K,  84% used [0x7a950000, 0x7b223b00, 0x7b223c00, 0x7b3d0000)
 compacting perm gen  total 12288K, used 754K [0x8f800000, 0x90400000, 0x93800000)
   the space 12288K,   6% used [0x8f800000, 0x8f8bca88, 0x8f8bcc00, 0x90400000)
    ro space 10240K,  58% used [0x93800000, 0x93ddfac0, 0x93ddfc00, 0x94200000)
    rw space 12288K,  59% used [0x94200000, 0x94927508, 0x94927600, 0x94e00000)
}
Event: 16.507 GC heap before
{Heap before GC invocations=3 (full 0):
 def new generation   total 4800K, used 3672K [0x70200000, 0x70730000, 0x7a950000)
  eden space 4288K,  85% used [0x70200000, 0x70596290, 0x70630000)
  from space 512K,   0% used [0x706b0000, 0x706b0038, 0x70730000)
  to   space 512K,   0% used [0x70630000, 0x70630000, 0x706b0000)
 tenured generation   total 10752K, used 9038K [0x7a950000, 0x7b3d0000, 0x8f800000)
   the space 10752K,  84% used [0x7a950000, 0x7b223b00, 0x7b223c00, 0x7b3d0000)
 compacting perm gen  total 12288K, used 754K [0x8f800000, 0x90400000, 0x93800000)
   the space 12288K,   6% used [0x8f800000, 0x8f8bca88, 0x8f8bcc00, 0x90400000)
    ro space 10240K,  58% used [0x93800000, 0x93ddfac0, 0x93ddfc00, 0x94200000)
    rw space 12288K,  59% used [0x94200000, 0x94927508, 0x94927600, 0x94e00000)
Event: 16.620 GC heap after
Heap after GC invocations=4 (full 1):
 def new generation   total 9408K, used 0K [0x70200000, 0x70c30000, 0x7a950000)
  eden space 8384K,   0% used [0x70200000, 0x70200000, 0x70a30000)
  from space 1024K,   0% used [0x70a30000, 0x70a30000, 0x70b30000)
  to   space 1024K,   0% used [0x70b30000, 0x70b30000, 0x70c30000)
 tenured generation   total 20692K, used 12414K [0x7a950000, 0x7bd85000, 0x8f800000)
   the space 20692K,  59% used [0x7a950000, 0x7b56fab8, 0x7b56fc00, 0x7bd85000)
 compacting perm gen  total 12288K, used 754K [0x8f800000, 0x90400000, 0x93800000)
   the space 12288K,   6% used [0x8f800000, 0x8f8bca88, 0x8f8bcc00, 0x90400000)
    ro space 10240K,  58% used [0x93800000, 0x93ddfac0, 0x93ddfc00, 0x94200000)
    rw space 12288K,  59% used [0x94200000, 0x94927508, 0x94927600, 0x94e00000)
}
Event: 21.206 GC heap before
{Heap before GC invocations=4 (full 1):
 def new generation   total 9408K, used 8384K [0x70200000, 0x70c30000, 0x7a950000)
  eden space 8384K, 100% used [0x70200000, 0x70a30000, 0x70a30000)
  from space 1024K,   0% used [0x70a30000, 0x70a30000, 0x70b30000)
  to   space 1024K,   0% used [0x70b30000, 0x70b30000, 0x70c30000)
 tenured generation   total 20692K, used 12414K [0x7a950000, 0x7bd85000, 0x8f800000)
   the space 20692K,  59% used [0x7a950000, 0x7b56fab8, 0x7b56fc00, 0x7bd85000)
 compacting perm gen  total 12288K, used 769K [0x8f800000, 0x90400000, 0x93800000)
   the space 12288K,   6% used [0x8f800000, 0x8f8c0580, 0x8f8c0600, 0x90400000)
    ro space 10240K,  58% used [0x93800000, 0x93ddfac0, 0x93ddfc00, 0x94200000)
    rw space 12288K,  59% used [0x94200000, 0x94927508, 0x94927600, 0x94e00000)
Event: 21.704 GC heap after
Heap after GC invocations=5 (full 1):
 def new generation   total 9408K, used 70K [0x70200000, 0x70c30000, 0x7a950000)
  eden space 8384K,   0% used [0x70200000, 0x70200000, 0x70a30000)
  from space 1024K,   6% used [0x70b30000, 0x70b418d8, 0x70c30000)
  to   space 1024K,   0% used [0x70a30000, 0x70a30000, 0x70b30000)
 tenured generation   total 20692K, used 17477K [0x7a950000, 0x7bd85000, 0x8f800000)
   the space 20692K,  84% used [0x7a950000, 0x7ba61410, 0x7ba61600, 0x7bd85000)
 compacting perm gen  total 12288K, used 769K [0x8f800000, 0x90400000, 0x93800000)
   the space 12288K,   6% used [0x8f800000, 0x8f8c0580, 0x8f8c0600, 0x90400000)
    ro space 10240K,  58% used [0x93800000, 0x93ddfac0, 0x93ddfc00, 0x94200000)
    rw space 12288K,  59% used [0x94200000, 0x94927508, 0x94927600, 0x94e00000)
}
Event: 30.670 GC heap before
{Heap before GC invocations=5 (full 1):
 def new generation   total 9408K, used 8454K [0x70200000, 0x70c30000, 0x7a950000)
  eden space 8384K, 100% used [0x70200000, 0x70a30000, 0x70a30000)
  from space 1024K,   6% used [0x70b30000, 0x70b418d8, 0x70c30000)
  to   space 1024K,   0% used [0x70a30000, 0x70a30000, 0x70b30000)
 tenured generation   total 20692K, used 17477K [0x7a950000, 0x7bd85000, 0x8f800000)
   the space 20692K,  84% used [0x7a950000, 0x7ba61410, 0x7ba61600, 0x7bd85000)
 compacting perm gen  total 12288K, used 769K [0x8f800000, 0x90400000, 0x93800000)
   the space 12288K,   6% used [0x8f800000, 0x8f8c05a0, 0x8f8c0600, 0x90400000)
    ro space 10240K,  58% used [0x93800000, 0x93ddfac0, 0x93ddfc00, 0x94200000)
    rw space 12288K,  59% used [0x94200000, 0x94927508, 0x94927600, 0x94e00000)
Event: 30.907 GC heap after
Heap after GC invocations=6 (full 1):
 def new generation   total 9408K, used 155K [0x70200000, 0x70c30000, 0x7a950000)
  eden space 8384K,   0% used [0x70200000, 0x70200000, 0x70a30000)
  from space 1024K,  15% used [0x70a30000, 0x70a56c38, 0x70b30000)
  to   space 1024K,   0% used [0x70b30000, 0x70b30000, 0x70c30000)
 tenured generation   total 20692K, used 17477K [0x7a950000, 0x7bd85000, 0x8f800000)
   the space 20692K,  84% used [0x7a950000, 0x7ba61410, 0x7ba61600, 0x7bd85000)
 compacting perm gen  total 12288K, used 769K [0x8f800000, 0x90400000, 0x93800000)
   the space 12288K,   6% used [0x8f800000, 0x8f8c05a0, 0x8f8c0600, 0x90400000)
    ro space 10240K,  58% used [0x93800000, 0x93ddfac0, 0x93ddfc00, 0x94200000)
    rw space 12288K,  59% used [0x94200000, 0x94927508, 0x94927600, 0x94e00000)
}

