# JRE version: OpenJDK Runtime Environment (7.0_65-b32) (build 1.7.0_65-b32)
# Java VM: OpenJDK Client VM (24.65-b04 mixed mode, sharing linux-x86 )
Heap
 def new generation   total 9408K, used 7436K [0x70200000, 0x70c30000, 0x7a950000)
  eden space 8384K,  86% used [0x70200000, 0x7091d190, 0x70a30000)
  from space 1024K,  14% used [0x70a30000, 0x70a55fe8, 0x70b30000)
  to   space 1024K,   0% used [0x70b30000, 0x70b30000, 0x70c30000)
 tenured generation   total 20688K, used 17474K [0x7a950000, 0x7bd84000, 0x8f800000)
   the space 20688K,  84% used [0x7a950000, 0x7ba60b98, 0x7ba60c00, 0x7bd84000)
 compacting perm gen  total 12288K, used 840K [0x8f800000, 0x90400000, 0x93800000)
   the space 12288K,   6% used [0x8f800000, 0x8f8d23f0, 0x8f8d2400, 0x90400000)
    ro space 10240K,  58% used [0x93800000, 0x93ddfac0, 0x93ddfc00, 0x94200000)
    rw space 12288K,  59% used [0x94200000, 0x94927508, 0x94927600, 0x94e00000)
GC Heap History (10 events):
Event: 12.790 GC heap before
{Heap before GC invocations=1 (full 0):
 def new generation   total 4800K, used 4286K [0x70200000, 0x70730000, 0x7a950000)
  eden space 4288K,  88% used [0x70200000, 0x705afbd8, 0x70630000)
  from space 512K, 100% used [0x706b0000, 0x70730000, 0x70730000)
  to   space 512K,   0% used [0x70630000, 0x70630000, 0x706b0000)
 tenured generation   total 10752K, used 1772K [0x7a950000, 0x7b3d0000, 0x8f800000)
   the space 10752K,  16% used [0x7a950000, 0x7ab0b140, 0x7ab0b200, 0x7b3d0000)
 compacting perm gen  total 12288K, used 754K [0x8f800000, 0x90400000, 0x93800000)
   the space 12288K,   6% used [0x8f800000, 0x8f8bcb78, 0x8f8bcc00, 0x90400000)
    ro space 10240K,  58% used [0x93800000, 0x93ddfac0, 0x93ddfc00, 0x94200000)
    rw space 12288K,  59% used [0x94200000, 0x94927508, 0x94927600, 0x94e00000)
Event: 13.456 GC heap after
Heap after GC invocations=2 (full 0):
 def new generation   total 4800K, used 1K [0x70200000, 0x70730000, 0x7a950000)
  eden space 4288K,   0% used [0x70200000, 0x70200000, 0x70630000)
  from space 512K,   0% used [0x70630000, 0x706307a8, 0x706b0000)
  to   space 512K,   0% used [0x706b0000, 0x706b0000, 0x70730000)
 tenured generation   total 10752K, used 5659K [0x7a950000, 0x7b3d0000, 0x8f800000)
   the space 10752K,  52% used [0x7a950000, 0x7aed6c98, 0x7aed6e00, 0x7b3d0000)
 compacting perm gen  total 12288K, used 754K [0x8f800000, 0x90400000, 0x93800000)
   the space 12288K,   6% used [0x8f800000, 0x8f8bcb78, 0x8f8bcc00, 0x90400000)
    ro space 10240K,  58% used [0x93800000, 0x93ddfac0, 0x93ddfc00, 0x94200000)
    rw space 12288K,  59% used [0x94200000, 0x94927508, 0x94927600, 0x94e00000)
}
Event: 13.476 GC heap before
{Heap before GC invocations=2 (full 0):
 def new generation   total 4800K, used 3539K [0x70200000, 0x70730000, 0x7a950000)
  eden space 4288K,  82% used [0x70200000, 0x70574668, 0x70630000)
  from space 512K,   0% used [0x70630000, 0x706307a8, 0x706b0000)
  to   space 512K,   0% used [0x706b0000, 0x706b0000, 0x70730000)
 tenured generation   total 10752K, used 5659K [0x7a950000, 0x7b3d0000, 0x8f800000)
   the space 10752K,  52% used [0x7a950000, 0x7aed6c98, 0x7aed6e00, 0x7b3d0000)
 compacting perm gen  total 12288K, used 754K [0x8f800000, 0x90400000, 0x93800000)
   the space 12288K,   6% used [0x8f800000, 0x8f8bcb78, 0x8f8bcc00, 0x90400000)
    ro space 10240K,  58% used [0x93800000, 0x93ddfac0, 0x93ddfc00, 0x94200000)
    rw space 12288K,  59% used [0x94200000, 0x94927508, 0x94927600, 0x94e00000)
Event: 13.572 GC heap after
Heap after GC invocations=3 (full 0):
 def new generation   total 4800K, used 2K [0x70200000, 0x70730000, 0x7a950000)
  eden space 4288K,   0% used [0x70200000, 0x70200000, 0x70630000)
  from space 512K,   0% used [0x706b0000, 0x706b0978, 0x70730000)
  to   space 512K,   0% used [0x70630000, 0x70630000, 0x706b0000)
 tenured generation   total 10752K, used 9034K [0x7a950000, 0x7b3d0000, 0x8f800000)
   the space 10752K,  84% used [0x7a950000, 0x7b222828, 0x7b222a00, 0x7b3d0000)
 compacting perm gen  total 12288K, used 754K [0x8f800000, 0x90400000, 0x93800000)
   the space 12288K,   6% used [0x8f800000, 0x8f8bcb78, 0x8f8bcc00, 0x90400000)
    ro space 10240K,  58% used [0x93800000, 0x93ddfac0, 0x93ddfc00, 0x94200000)
    rw space 12288K,  59% used [0x94200000, 0x94927508, 0x94927600, 0x94e00000)
}
Event: 13.577 GC heap before
{Heap before GC invocations=3 (full 0):
 def new generation   total 4800K, used 3542K [0x70200000, 0x70730000, 0x7a950000)
  eden space 4288K,  82% used [0x70200000, 0x70575088, 0x70630000)
  from space 512K,   0% used [0x706b0000, 0x706b0978, 0x70730000)
  to   space 512K,   0% used [0x70630000, 0x70630000, 0x706b0000)
 tenured generation   total 10752K, used 9034K [0x7a950000, 0x7b3d0000, 0x8f800000)
   the space 10752K,  84% used [0x7a950000, 0x7b222828, 0x7b222a00, 0x7b3d0000)
 compacting perm gen  total 12288K, used 754K [0x8f800000, 0x90400000, 0x93800000)
   the space 12288K,   6% used [0x8f800000, 0x8f8bcb78, 0x8f8bcc00, 0x90400000)
    ro space 10240K,  58% used [0x93800000, 0x93ddfac0, 0x93ddfc00, 0x94200000)
    rw space 12288K,  59% used [0x94200000, 0x94927508, 0x94927600, 0x94e00000)
Event: 13.697 GC heap after
Heap after GC invocations=4 (full 1):
 def new generation   total 9408K, used 0K [0x70200000, 0x70c30000, 0x7a950000)
  eden space 8384K,   0% used [0x70200000, 0x70200000, 0x70a30000)
  from space 1024K,   0% used [0x70a30000, 0x70a30000, 0x70b30000)
  to   space 1024K,   0% used [0x70b30000, 0x70b30000, 0x70c30000)
 tenured generation   total 20688K, used 12412K [0x7a950000, 0x7bd84000, 0x8f800000)
   the space 20688K,  59% used [0x7a950000, 0x7b56f240, 0x7b56f400, 0x7bd84000)
 compacting perm gen  total 12288K, used 754K [0x8f800000, 0x90400000, 0x93800000)
   the space 12288K,   6% used [0x8f800000, 0x8f8bcb78, 0x8f8bcc00, 0x90400000)
    ro space 10240K,  58% used [0x93800000, 0x93ddfac0, 0x93ddfc00, 0x94200000)
    rw space 12288K,  59% used [0x94200000, 0x94927508, 0x94927600, 0x94e00000)
}
Event: 16.785 GC heap before
{Heap before GC invocations=4 (full 1):
 def new generation   total 9408K, used 8384K [0x70200000, 0x70c30000, 0x7a950000)
  eden space 8384K, 100% used [0x70200000, 0x70a30000, 0x70a30000)
  from space 1024K,   0% used [0x70a30000, 0x70a30000, 0x70b30000)
  to   space 1024K,   0% used [0x70b30000, 0x70b30000, 0x70c30000)
 tenured generation   total 20688K, used 12412K [0x7a950000, 0x7bd84000, 0x8f800000)
   the space 20688K,  59% used [0x7a950000, 0x7b56f240, 0x7b56f400, 0x7bd84000)
 compacting perm gen  total 12288K, used 769K [0x8f800000, 0x90400000, 0x93800000)
   the space 12288K,   6% used [0x8f800000, 0x8f8c0670, 0x8f8c0800, 0x90400000)
    ro space 10240K,  58% used [0x93800000, 0x93ddfac0, 0x93ddfc00, 0x94200000)
    rw space 12288K,  59% used [0x94200000, 0x94927508, 0x94927600, 0x94e00000)
Event: 18.205 GC heap after
Heap after GC invocations=5 (full 1):
 def new generation   total 9408K, used 69K [0x70200000, 0x70c30000, 0x7a950000)
  eden space 8384K,   0% used [0x70200000, 0x70200000, 0x70a30000)
  from space 1024K,   6% used [0x70b30000, 0x70b414c8, 0x70c30000)
  to   space 1024K,   0% used [0x70a30000, 0x70a30000, 0x70b30000)
 tenured generation   total 20688K, used 17474K [0x7a950000, 0x7bd84000, 0x8f800000)
   the space 20688K,  84% used [0x7a950000, 0x7ba60b98, 0x7ba60c00, 0x7bd84000)
 compacting perm gen  total 12288K, used 769K [0x8f800000, 0x90400000, 0x93800000)
   the space 12288K,   6% used [0x8f800000, 0x8f8c0670, 0x8f8c0800, 0x90400000)
    ro space 10240K,  58% used [0x93800000, 0x93ddfac0, 0x93ddfc00, 0x94200000)
    rw space 12288K,  59% used [0x94200000, 0x94927508, 0x94927600, 0x94e00000)
}
Event: 26.008 GC heap before
{Heap before GC invocations=5 (full 1):
 def new generation   total 9408K, used 8453K [0x70200000, 0x70c30000, 0x7a950000)
  eden space 8384K, 100% used [0x70200000, 0x70a30000, 0x70a30000)
  from space 1024K,   6% used [0x70b30000, 0x70b414c8, 0x70c30000)
  to   space 1024K,   0% used [0x70a30000, 0x70a30000, 0x70b30000)
 tenured generation   total 20688K, used 17474K [0x7a950000, 0x7bd84000, 0x8f800000)
   the space 20688K,  84% used [0x7a950000, 0x7ba60b98, 0x7ba60c00, 0x7bd84000)
 compacting perm gen  total 12288K, used 769K [0x8f800000, 0x90400000, 0x93800000)
   the space 12288K,   6% used [0x8f800000, 0x8f8c0690, 0x8f8c0800, 0x90400000)
    ro space 10240K,  58% used [0x93800000, 0x93ddfac0, 0x93ddfc00, 0x94200000)
    rw space 12288K,  59% used [0x94200000, 0x94927508, 0x94927600, 0x94e00000)
Event: 26.036 GC heap after
Heap after GC invocations=6 (full 1):
 def new generation   total 9408K, used 151K [0x70200000, 0x70c30000, 0x7a950000)
  eden space 8384K,   0% used [0x70200000, 0x70200000, 0x70a30000)
  from space 1024K,  14% used [0x70a30000, 0x70a55fe8, 0x70b30000)
  to   space 1024K,   0% used [0x70b30000, 0x70b30000, 0x70c30000)
 tenured generation   total 20688K, used 17474K [0x7a950000, 0x7bd84000, 0x8f800000)
   the space 20688K,  84% used [0x7a950000, 0x7ba60b98, 0x7ba60c00, 0x7bd84000)
 compacting perm gen  total 12288K, used 769K [0x8f800000, 0x90400000, 0x93800000)
   the space 12288K,   6% used [0x8f800000, 0x8f8c0690, 0x8f8c0800, 0x90400000)
    ro space 10240K,  58% used [0x93800000, 0x93ddfac0, 0x93ddfc00, 0x94200000)
    rw space 12288K,  59% used [0x94200000, 0x94927508, 0x94927600, 0x94e00000)
}

