# JRE version: OpenJDK Runtime Environment (7.0_65-b32) (build 1.7.0_65-b32)
# Java VM: OpenJDK Client VM (24.65-b04 mixed mode, sharing linux-x86 )
Heap
 def new generation   total 9408K, used 7412K [0x70200000, 0x70c30000, 0x7a950000)
  eden space 8384K,  86% used [0x70200000, 0x70916e60, 0x70a30000)
  from space 1024K,  14% used [0x70a30000, 0x70a563f8, 0x70b30000)
  to   space 1024K,   0% used [0x70b30000, 0x70b30000, 0x70c30000)
 tenured generation   total 20692K, used 17477K [0x7a950000, 0x7bd85000, 0x8f800000)
   the space 20692K,  84% used [0x7a950000, 0x7ba61400, 0x7ba61400, 0x7bd85000)
 compacting perm gen  total 12288K, used 840K [0x8f800000, 0x90400000, 0x93800000)
   the space 12288K,   6% used [0x8f800000, 0x8f8d23b0, 0x8f8d2400, 0x90400000)
    ro space 10240K,  58% used [0x93800000, 0x93ddfac0, 0x93ddfc00, 0x94200000)
    rw space 12288K,  59% used [0x94200000, 0x94927508, 0x94927600, 0x94e00000)
GC Heap History (10 events):
Event: 14.133 GC heap before
{Heap before GC invocations=1 (full 0):
 def new generation   total 4800K, used 3975K [0x70200000, 0x70730000, 0x7a950000)
  eden space 4288K,  80% used [0x70200000, 0x70561c20, 0x70630000)
  from space 512K, 100% used [0x706b0000, 0x70730000, 0x70730000)
  to   space 512K,   0% used [0x70630000, 0x70630000, 0x706b0000)
 tenured generation   total 10752K, used 1776K [0x7a950000, 0x7b3d0000, 0x8f800000)
   the space 10752K,  16% used [0x7a950000, 0x7ab0c2f8, 0x7ab0c400, 0x7b3d0000)
 compacting perm gen  total 12288K, used 754K [0x8f800000, 0x90400000, 0x93800000)
   the space 12288K,   6% used [0x8f800000, 0x8f8bcb58, 0x8f8bcc00, 0x90400000)
    ro space 10240K,  58% used [0x93800000, 0x93ddfac0, 0x93ddfc00, 0x94200000)
    rw space 12288K,  59% used [0x94200000, 0x94927508, 0x94927600, 0x94e00000)
Event: 14.206 GC heap after
Heap after GC invocations=2 (full 0):
 def new generation   total 4800K, used 0K [0x70200000, 0x70730000, 0x7a950000)
  eden space 4288K,   0% used [0x70200000, 0x70200000, 0x70630000)
  from space 512K,   0% used [0x70630000, 0x70630120, 0x706b0000)
  to   space 512K,   0% used [0x706b0000, 0x706b0000, 0x70730000)
 tenured generation   total 10752K, used 5663K [0x7a950000, 0x7b3d0000, 0x8f800000)
   the space 10752K,  52% used [0x7a950000, 0x7aed7e88, 0x7aed8000, 0x7b3d0000)
 compacting perm gen  total 12288K, used 754K [0x8f800000, 0x90400000, 0x93800000)
   the space 12288K,   6% used [0x8f800000, 0x8f8bcb58, 0x8f8bcc00, 0x90400000)
    ro space 10240K,  58% used [0x93800000, 0x93ddfac0, 0x93ddfc00, 0x94200000)
    rw space 12288K,  59% used [0x94200000, 0x94927508, 0x94927600, 0x94e00000)
}
Event: 14.211 GC heap before
{Heap before GC invocations=2 (full 0):
 def new generation   total 4800K, used 3566K [0x70200000, 0x70730000, 0x7a950000)
  eden space 4288K,  83% used [0x70200000, 0x7057bad8, 0x70630000)
  from space 512K,   0% used [0x70630000, 0x70630120, 0x706b0000)
  to   space 512K,   0% used [0x706b0000, 0x706b0000, 0x70730000)
 tenured generation   total 10752K, used 5663K [0x7a950000, 0x7b3d0000, 0x8f800000)
   the space 10752K,  52% used [0x7a950000, 0x7aed7e88, 0x7aed8000, 0x7b3d0000)
 compacting perm gen  total 12288K, used 754K [0x8f800000, 0x90400000, 0x93800000)
   the space 12288K,   6% used [0x8f800000, 0x8f8bcb58, 0x8f8bcc00, 0x90400000)
    ro space 10240K,  58% used [0x93800000, 0x93ddfac0, 0x93ddfc00, 0x94200000)
    rw space 12288K,  59% used [0x94200000, 0x94927508, 0x94927600, 0x94e00000)
Event: 15.029 GC heap after
Heap after GC invocations=3 (full 0):
 def new generation   total 4800K, used 0K [0x70200000, 0x70730000, 0x7a950000)
  eden space 4288K,   0% used [0x70200000, 0x70200000, 0x70630000)
  from space 512K,   0% used [0x706b0000, 0x706b03e0, 0x70730000)
  to   space 512K,   0% used [0x70630000, 0x70630000, 0x706b0000)
 tenured generation   total 10752K, used 9038K [0x7a950000, 0x7b3d0000, 0x8f800000)
   the space 10752K,  84% used [0x7a950000, 0x7b223a18, 0x7b223c00, 0x7b3d0000)
 compacting perm gen  total 12288K, used 754K [0x8f800000, 0x90400000, 0x93800000)
   the space 12288K,   6% used [0x8f800000, 0x8f8bcb58, 0x8f8bcc00, 0x90400000)
    ro space 10240K,  58% used [0x93800000, 0x93ddfac0, 0x93ddfc00, 0x94200000)
    rw space 12288K,  59% used [0x94200000, 0x94927508, 0x94927600, 0x94e00000)
}
Event: 15.146 GC heap before
{Heap before GC invocations=3 (full 0):
 def new generation   total 4800K, used 3464K [0x70200000, 0x70730000, 0x7a950000)
  eden space 4288K,  80% used [0x70200000, 0x70561d20, 0x70630000)
  from space 512K,   0% used [0x706b0000, 0x706b03e0, 0x70730000)
  to   space 512K,   0% used [0x70630000, 0x70630000, 0x706b0000)
 tenured generation   total 10752K, used 9038K [0x7a950000, 0x7b3d0000, 0x8f800000)
   the space 10752K,  84% used [0x7a950000, 0x7b223a18, 0x7b223c00, 0x7b3d0000)
 compacting perm gen  total 12288K, used 754K [0x8f800000, 0x90400000, 0x93800000)
   the space 12288K,   6% used [0x8f800000, 0x8f8bcb58, 0x8f8bcc00, 0x90400000)
    ro space 10240K,  58% used [0x93800000, 0x93ddfac0, 0x93ddfc00, 0x94200000)
    rw space 12288K,  59% used [0x94200000, 0x94927508, 0x94927600, 0x94e00000)
Event: 17.322 GC heap after
Heap after GC invocations=4 (full 1):
 def new generation   total 9408K, used 0K [0x70200000, 0x70c30000, 0x7a950000)
  eden space 8384K,   0% used [0x70200000, 0x70200000, 0x70a30000)
  from space 1024K,   0% used [0x70a30000, 0x70a30000, 0x70b30000)
  to   space 1024K,   0% used [0x70b30000, 0x70b30000, 0x70c30000)
 tenured generation   total 20692K, used 12414K [0x7a950000, 0x7bd85000, 0x8f800000)
   the space 20692K,  59% used [0x7a950000, 0x7b56faa8, 0x7b56fc00, 0x7bd85000)
 compacting perm gen  total 12288K, used 754K [0x8f800000, 0x90400000, 0x93800000)
   the space 12288K,   6% used [0x8f800000, 0x8f8bcb58, 0x8f8bcc00, 0x90400000)
    ro space 10240K,  58% used [0x93800000, 0x93ddfac0, 0x93ddfc00, 0x94200000)
    rw space 12288K,  59% used [0x94200000, 0x94927508, 0x94927600, 0x94e00000)
}
Event: 20.223 GC heap before
{Heap before GC invocations=4 (full 1):
 def new generation   total 9408K, used 8384K [0x70200000, 0x70c30000, 0x7a950000)
  eden space 8384K, 100% used [0x70200000, 0x70a30000, 0x70a30000)
  from space 1024K,   0% used [0x70a30000, 0x70a30000, 0x70b30000)
  to   space 1024K,   0% used [0x70b30000, 0x70b30000, 0x70c30000)
 tenured generation   total 20692K, used 12414K [0x7a950000, 0x7bd85000, 0x8f800000)
   the space 20692K,  59% used [0x7a950000, 0x7b56faa8, 0x7b56fc00, 0x7bd85000)
 compacting perm gen  total 12288K, used 769K [0x8f800000, 0x90400000, 0x93800000)
   the space 12288K,   6% used [0x8f800000, 0x8f8c0650, 0x8f8c0800, 0x90400000)
    ro space 10240K,  58% used [0x93800000, 0x93ddfac0, 0x93ddfc00, 0x94200000)
    rw space 12288K,  59% used [0x94200000, 0x94927508, 0x94927600, 0x94e00000)
Event: 22.479 GC heap after
Heap after GC invocations=5 (full 1):
 def new generation   total 9408K, used 70K [0x70200000, 0x70c30000, 0x7a950000)
  eden space 8384K,   0% used [0x70200000, 0x70200000, 0x70a30000)
  from space 1024K,   6% used [0x70b30000, 0x70b418d8, 0x70c30000)
  to   space 1024K,   0% used [0x70a30000, 0x70a30000, 0x70b30000)
 tenured generation   total 20692K, used 17477K [0x7a950000, 0x7bd85000, 0x8f800000)
   the space 20692K,  84% used [0x7a950000, 0x7ba61400, 0x7ba61400, 0x7bd85000)
 compacting perm gen  total 12288K, used 769K [0x8f800000, 0x90400000, 0x93800000)
   the space 12288K,   6% used [0x8f800000, 0x8f8c0650, 0x8f8c0800, 0x90400000)
    ro space 10240K,  58% used [0x93800000, 0x93ddfac0, 0x93ddfc00, 0x94200000)
    rw space 12288K,  59% used [0x94200000, 0x94927508, 0x94927600, 0x94e00000)
}
Event: 31.191 GC heap before
{Heap before GC invocations=5 (full 1):
 def new generation   total 9408K, used 8454K [0x70200000, 0x70c30000, 0x7a950000)
  eden space 8384K, 100% used [0x70200000, 0x70a30000, 0x70a30000)
  from space 1024K,   6% used [0x70b30000, 0x70b418d8, 0x70c30000)
  to   space 1024K,   0% used [0x70a30000, 0x70a30000, 0x70b30000)
 tenured generation   total 20692K, used 17477K [0x7a950000, 0x7bd85000, 0x8f800000)
   the space 20692K,  84% used [0x7a950000, 0x7ba61400, 0x7ba61400, 0x7bd85000)
 compacting perm gen  total 12288K, used 769K [0x8f800000, 0x90400000, 0x93800000)
   the space 12288K,   6% used [0x8f800000, 0x8f8c0650, 0x8f8c0800, 0x90400000)
    ro space 10240K,  58% used [0x93800000, 0x93ddfac0, 0x93ddfc00, 0x94200000)
    rw space 12288K,  59% used [0x94200000, 0x94927508, 0x94927600, 0x94e00000)
Event: 31.224 GC heap after
Heap after GC invocations=6 (full 1):
 def new generation   total 9408K, used 152K [0x70200000, 0x70c30000, 0x7a950000)
  eden space 8384K,   0% used [0x70200000, 0x70200000, 0x70a30000)
  from space 1024K,  14% used [0x70a30000, 0x70a563f8, 0x70b30000)
  to   space 1024K,   0% used [0x70b30000, 0x70b30000, 0x70c30000)
 tenured generation   total 20692K, used 17477K [0x7a950000, 0x7bd85000, 0x8f800000)
   the space 20692K,  84% used [0x7a950000, 0x7ba61400, 0x7ba61400, 0x7bd85000)
 compacting perm gen  total 12288K, used 769K [0x8f800000, 0x90400000, 0x93800000)
   the space 12288K,   6% used [0x8f800000, 0x8f8c0650, 0x8f8c0800, 0x90400000)
    ro space 10240K,  58% used [0x93800000, 0x93ddfac0, 0x93ddfc00, 0x94200000)
    rw space 12288K,  59% used [0x94200000, 0x94927508, 0x94927600, 0x94e00000)
}

