# JRE version: OpenJDK Runtime Environment (7.0_65-b32) (build 1.7.0_65-b32)
# Java VM: OpenJDK Client VM (24.65-b04 mixed mode, sharing linux-x86 )
Heap
 def new generation   total 9408K, used 7409K [0x70200000, 0x70c30000, 0x7a950000)
  eden space 8384K,  86% used [0x70200000, 0x70916738, 0x70a30000)
  from space 1024K,  14% used [0x70a30000, 0x70a55fe8, 0x70b30000)
  to   space 1024K,   0% used [0x70b30000, 0x70b30000, 0x70c30000)
 tenured generation   total 20696K, used 17478K [0x7a950000, 0x7bd86000, 0x8f800000)
   the space 20696K,  84% used [0x7a950000, 0x7ba61818, 0x7ba61a00, 0x7bd86000)
 compacting perm gen  total 12288K, used 840K [0x8f800000, 0x90400000, 0x93800000)
   the space 12288K,   6% used [0x8f800000, 0x8f8d23e0, 0x8f8d2400, 0x90400000)
    ro space 10240K,  58% used [0x93800000, 0x93ddfac0, 0x93ddfc00, 0x94200000)
    rw space 12288K,  59% used [0x94200000, 0x94927508, 0x94927600, 0x94e00000)
GC Heap History (10 events):
Event: 18.212 GC heap before
{Heap before GC invocations=1 (full 0):
 def new generation   total 4800K, used 4243K [0x70200000, 0x70730000, 0x7a950000)
  eden space 4288K,  87% used [0x70200000, 0x705a4ce8, 0x70630000)
  from space 512K, 100% used [0x706b0000, 0x70730000, 0x70730000)
  to   space 512K,   0% used [0x70630000, 0x70630000, 0x706b0000)
 tenured generation   total 10752K, used 1776K [0x7a950000, 0x7b3d0000, 0x8f800000)
   the space 10752K,  16% used [0x7a950000, 0x7ab0c288, 0x7ab0c400, 0x7b3d0000)
 compacting perm gen  total 12288K, used 754K [0x8f800000, 0x90400000, 0x93800000)
   the space 12288K,   6% used [0x8f800000, 0x8f8bcb58, 0x8f8bcc00, 0x90400000)
    ro space 10240K,  58% used [0x93800000, 0x93ddfac0, 0x93ddfc00, 0x94200000)
    rw space 12288K,  59% used [0x94200000, 0x94927508, 0x94927600, 0x94e00000)
Event: 18.746 GC heap after
Heap after GC invocations=2 (full 0):
 def new generation   total 4800K, used 0K [0x70200000, 0x70730000, 0x7a950000)
  eden space 4288K,   0% used [0x70200000, 0x70200000, 0x70630000)
  from space 512K,   0% used [0x70630000, 0x70630248, 0x706b0000)
  to   space 512K,   0% used [0x706b0000, 0x706b0000, 0x70730000)
 tenured generation   total 10752K, used 5663K [0x7a950000, 0x7b3d0000, 0x8f800000)
   the space 10752K,  52% used [0x7a950000, 0x7aed7e18, 0x7aed8000, 0x7b3d0000)
 compacting perm gen  total 12288K, used 754K [0x8f800000, 0x90400000, 0x93800000)
   the space 12288K,   6% used [0x8f800000, 0x8f8bcb58, 0x8f8bcc00, 0x90400000)
    ro space 10240K,  58% used [0x93800000, 0x93ddfac0, 0x93ddfc00, 0x94200000)
    rw space 12288K,  59% used [0x94200000, 0x94927508, 0x94927600, 0x94e00000)
}
Event: 19.081 GC heap before
{Heap before GC invocations=2 (full 0):
 def new generation   total 4800K, used 3537K [0x70200000, 0x70730000, 0x7a950000)
  eden space 4288K,  82% used [0x70200000, 0x70574440, 0x70630000)
  from space 512K,   0% used [0x70630000, 0x70630248, 0x706b0000)
  to   space 512K,   0% used [0x706b0000, 0x706b0000, 0x70730000)
 tenured generation   total 10752K, used 5663K [0x7a950000, 0x7b3d0000, 0x8f800000)
   the space 10752K,  52% used [0x7a950000, 0x7aed7e18, 0x7aed8000, 0x7b3d0000)
 compacting perm gen  total 12288K, used 754K [0x8f800000, 0x90400000, 0x93800000)
   the space 12288K,   6% used [0x8f800000, 0x8f8bcb58, 0x8f8bcc00, 0x90400000)
    ro space 10240K,  58% used [0x93800000, 0x93ddfac0, 0x93ddfc00, 0x94200000)
    rw space 12288K,  59% used [0x94200000, 0x94927508, 0x94927600, 0x94e00000)
Event: 21.630 GC heap after
Heap after GC invocations=3 (full 0):
 def new generation   total 4800K, used 1K [0x70200000, 0x70730000, 0x7a950000)
  eden space 4288K,   0% used [0x70200000, 0x70200000, 0x70630000)
  from space 512K,   0% used [0x706b0000, 0x706b0748, 0x70730000)
  to   space 512K,   0% used [0x70630000, 0x70630000, 0x706b0000)
 tenured generation   total 10752K, used 9038K [0x7a950000, 0x7b3d0000, 0x8f800000)
   the space 10752K,  84% used [0x7a950000, 0x7b2239a8, 0x7b223a00, 0x7b3d0000)
 compacting perm gen  total 12288K, used 754K [0x8f800000, 0x90400000, 0x93800000)
   the space 12288K,   6% used [0x8f800000, 0x8f8bcb58, 0x8f8bcc00, 0x90400000)
    ro space 10240K,  58% used [0x93800000, 0x93ddfac0, 0x93ddfc00, 0x94200000)
    rw space 12288K,  59% used [0x94200000, 0x94927508, 0x94927600, 0x94e00000)
}
Event: 21.661 GC heap before
{Heap before GC invocations=3 (full 0):
 def new generation   total 4800K, used 3435K [0x70200000, 0x70730000, 0x7a950000)
  eden space 4288K,  80% used [0x70200000, 0x7055a4d0, 0x70630000)
  from space 512K,   0% used [0x706b0000, 0x706b0748, 0x70730000)
  to   space 512K,   0% used [0x70630000, 0x70630000, 0x706b0000)
 tenured generation   total 10752K, used 9038K [0x7a950000, 0x7b3d0000, 0x8f800000)
   the space 10752K,  84% used [0x7a950000, 0x7b2239a8, 0x7b223a00, 0x7b3d0000)
 compacting perm gen  total 12288K, used 754K [0x8f800000, 0x90400000, 0x93800000)
   the space 12288K,   6% used [0x8f800000, 0x8f8bcb58, 0x8f8bcc00, 0x90400000)
    ro space 10240K,  58% used [0x93800000, 0x93ddfac0, 0x93ddfc00, 0x94200000)
    rw space 12288K,  59% used [0x94200000, 0x94927508, 0x94927600, 0x94e00000)
Event: 22.297 GC heap after
Heap after GC invocations=4 (full 1):
 def new generation   total 9408K, used 0K [0x70200000, 0x70c30000, 0x7a950000)
  eden space 8384K,   0% used [0x70200000, 0x70200000, 0x70a30000)
  from space 1024K,   0% used [0x70a30000, 0x70a30000, 0x70b30000)
  to   space 1024K,   0% used [0x70b30000, 0x70b30000, 0x70c30000)
 tenured generation   total 20696K, used 12415K [0x7a950000, 0x7bd86000, 0x8f800000)
   the space 20696K,  59% used [0x7a950000, 0x7b56fec0, 0x7b570000, 0x7bd86000)
 compacting perm gen  total 12288K, used 754K [0x8f800000, 0x90400000, 0x93800000)
   the space 12288K,   6% used [0x8f800000, 0x8f8bcb58, 0x8f8bcc00, 0x90400000)
    ro space 10240K,  58% used [0x93800000, 0x93ddfac0, 0x93ddfc00, 0x94200000)
    rw space 12288K,  59% used [0x94200000, 0x94927508, 0x94927600, 0x94e00000)
}
Event: 29.904 GC heap before
{Heap before GC invocations=4 (full 1):
 def new generation   total 9408K, used 8384K [0x70200000, 0x70c30000, 0x7a950000)
  eden space 8384K, 100% used [0x70200000, 0x70a30000, 0x70a30000)
  from space 1024K,   0% used [0x70a30000, 0x70a30000, 0x70b30000)
  to   space 1024K,   0% used [0x70b30000, 0x70b30000, 0x70c30000)
 tenured generation   total 20696K, used 12415K [0x7a950000, 0x7bd86000, 0x8f800000)
   the space 20696K,  59% used [0x7a950000, 0x7b56fec0, 0x7b570000, 0x7bd86000)
 compacting perm gen  total 12288K, used 769K [0x8f800000, 0x90400000, 0x93800000)
   the space 12288K,   6% used [0x8f800000, 0x8f8c0650, 0x8f8c0800, 0x90400000)
    ro space 10240K,  58% used [0x93800000, 0x93ddfac0, 0x93ddfc00, 0x94200000)
    rw space 12288K,  59% used [0x94200000, 0x94927508, 0x94927600, 0x94e00000)
Event: 32.421 GC heap after
Heap after GC invocations=5 (full 1):
 def new generation   total 9408K, used 69K [0x70200000, 0x70c30000, 0x7a950000)
  eden space 8384K,   0% used [0x70200000, 0x70200000, 0x70a30000)
  from space 1024K,   6% used [0x70b30000, 0x70b414c8, 0x70c30000)
  to   space 1024K,   0% used [0x70a30000, 0x70a30000, 0x70b30000)
 tenured generation   total 20696K, used 17478K [0x7a950000, 0x7bd86000, 0x8f800000)
   the space 20696K,  84% used [0x7a950000, 0x7ba61818, 0x7ba61a00, 0x7bd86000)
 compacting perm gen  total 12288K, used 769K [0x8f800000, 0x90400000, 0x93800000)
   the space 12288K,   6% used [0x8f800000, 0x8f8c0650, 0x8f8c0800, 0x90400000)
    ro space 10240K,  58% used [0x93800000, 0x93ddfac0, 0x93ddfc00, 0x94200000)
    rw space 12288K,  59% used [0x94200000, 0x94927508, 0x94927600, 0x94e00000)
}
Event: 44.646 GC heap before
{Heap before GC invocations=5 (full 1):
 def new generation   total 9408K, used 8453K [0x70200000, 0x70c30000, 0x7a950000)
  eden space 8384K, 100% used [0x70200000, 0x70a30000, 0x70a30000)
  from space 1024K,   6% used [0x70b30000, 0x70b414c8, 0x70c30000)
  to   space 1024K,   0% used [0x70a30000, 0x70a30000, 0x70b30000)
 tenured generation   total 20696K, used 17478K [0x7a950000, 0x7bd86000, 0x8f800000)
   the space 20696K,  84% used [0x7a950000, 0x7ba61818, 0x7ba61a00, 0x7bd86000)
 compacting perm gen  total 12288K, used 769K [0x8f800000, 0x90400000, 0x93800000)
   the space 12288K,   6% used [0x8f800000, 0x8f8c0660, 0x8f8c0800, 0x90400000)
    ro space 10240K,  58% used [0x93800000, 0x93ddfac0, 0x93ddfc00, 0x94200000)
    rw space 12288K,  59% used [0x94200000, 0x94927508, 0x94927600, 0x94e00000)
Event: 44.649 GC heap after
Heap after GC invocations=6 (full 1):
 def new generation   total 9408K, used 151K [0x70200000, 0x70c30000, 0x7a950000)
  eden space 8384K,   0% used [0x70200000, 0x70200000, 0x70a30000)
  from space 1024K,  14% used [0x70a30000, 0x70a55fe8, 0x70b30000)
  to   space 1024K,   0% used [0x70b30000, 0x70b30000, 0x70c30000)
 tenured generation   total 20696K, used 17478K [0x7a950000, 0x7bd86000, 0x8f800000)
   the space 20696K,  84% used [0x7a950000, 0x7ba61818, 0x7ba61a00, 0x7bd86000)
 compacting perm gen  total 12288K, used 769K [0x8f800000, 0x90400000, 0x93800000)
   the space 12288K,   6% used [0x8f800000, 0x8f8c0660, 0x8f8c0800, 0x90400000)
    ro space 10240K,  58% used [0x93800000, 0x93ddfac0, 0x93ddfc00, 0x94200000)
    rw space 12288K,  59% used [0x94200000, 0x94927508, 0x94927600, 0x94e00000)
}

